<?xml version="1.0" encoding="UTF-8"?><testsuite errors="0" failures="0" name="com.polishvodka.pageobjects.features.homepage.HomepageTest" skipped="0" tests="3" time="17.17" timestamp="2019-09-06 05:05:06"><testcase classname="com.polishvodka.pageobjects.features.homepage.HomepageTest" name="Checks usability of age form"/><testcase classname="com.polishvodka.pageobjects.features.homepage.HomepageTest" name="Should see the success message after age validation form"/><testcase classname="com.polishvodka.pageobjects.features.homepage.HomepageTest" name="Should see validation message after age validation form on age &lt; 18"/></testsuite>